#
# A fatal error has been detected by the Java Runtime Environment:
#
#  EXCEPTION_ACCESS_VIOLATION (0xc0000005) at pc=0x6d307c5b, pid=9140, tid=0x00000d18
#
# JRE version: Java(TM) SE Runtime Environment (8.0_181-b13) (build 1.8.0_181-b13)
# Java VM: Java HotSpot(TM) Client VM (25.181-b13 mixed mode windows-x86 )
# Problematic frame:
# V  [jvm.dll+0xd7c5b]
#
# Failed to write core dump. Minidumps are not enabled by default on client versions of Windows
#
# If you would like to submit a bug report, please visit:
#   http://bugreport.java.com/bugreport/crash.jsp
#

---------------  T H R E A D  ---------------

Current thread (0x0028d000):  JavaThread "main" [_thread_in_vm, id=3352, stack(0x02350000,0x023a0000)]

siginfo: ExceptionCode=0xc0000005, reading address 0x00000000

Registers:
EAX=0x00000000, EBX=0x0028d000, ECX=0x00000000, EDX=0x00000007
ESP=0x0239da94, EBP=0x0239dab0, ESI=0x0028d140, EDI=0x0028d140
EIP=0x6d307c5b, EFLAGS=0x00010246

Top of Stack: (sp=0x0239da94)
0x0239da94:   0028d140 14a917e0 14a917e0 0028d000
0x0239daa4:   00000000 14a917e0 14a917e0 0239daf8
0x0239dab4:   1562c467 0028d140 00000000 6e696f70
0x0239dac4:   00726574 0239daf8 1562c437 00000007
0x0239dad4:   0000000f 0000004a 000000b3 14a8f0f0
0x0239dae4:   0028d000 00000001 0000000f 0028d000
0x0239daf4:   0028d140 0239db44 0267daf1 0028d140
0x0239db04:   0239db60 00408160 0028d000 00000000 

Instructions: (pc=0x6d307c5b)
0x6d307c3b:   f2 ff 83 c4 08 83 7b 04 00 89 5d f0 c7 45 f4 00
0x6d307c4b:   00 00 00 74 08 8d 4d f0 e8 08 2b 0d 00 8b 45 0c
0x6d307c5b:   8b 08 8b 51 04 8b 42 38 50 56 e8 46 53 08 00 83
0x6d307c6b:   c4 08 83 7d f4 00 89 45 08 74 08 8d 4d f0 e8 22 


Register to memory mapping:

EAX=0x00000000 is an unknown value
EBX=0x0028d000 is a thread
ECX=0x00000000 is an unknown value
EDX=0x00000007 is an unknown value
ESP=0x0239da94 is pointing into the stack for thread: 0x0028d000
EBP=0x0239dab0 is pointing into the stack for thread: 0x0028d000
ESI=0x0028d140 is an unknown value
EDI=0x0028d140 is an unknown value


Stack: [0x02350000,0x023a0000],  sp=0x0239da94,  free space=310k
Native frames: (J=compiled Java code, j=interpreted, Vv=VM code, C=native code)
V  [jvm.dll+0xd7c5b]
C  [bwapi_bridge2_5.dll+0x5c467]
j  bwta.BaseLocation.getGroundDistance_native(JLbwta/BaseLocation;)D+0
j  bwta.BaseLocation.getGroundDistance(Lbwta/BaseLocation;)D+6
j  alice.position.AMap.localizeOthers()V+64
j  alice.position.AMap.inititalize()V+3
j  alice.Alice.onStart()V+91
j  bwapi.AIModule.onStart()V+11
v  ~StubRoutines::call_stub
V  [jvm.dll+0x15c065]
V  [jvm.dll+0x223ade]
V  [jvm.dll+0x15c0fe]
V  [jvm.dll+0xddbfb]
V  [jvm.dll+0xe0b8c]
C  [bwapi_bridge2_5.dll+0x1b20d]
C  [bwapi_bridge2_5.dll+0x750d3]
j  bwapi.Mirror.startGame()V+0
j  alice.Alice.run()V+30
j  main.Main.main([Ljava/lang/String;)V+12
v  ~StubRoutines::call_stub
V  [jvm.dll+0x15c065]
V  [jvm.dll+0x223ade]
V  [jvm.dll+0x15c0fe]
V  [jvm.dll+0xdd9c7]
V  [jvm.dll+0xe5f5f]
C  [javaw.exe+0x2373]
C  [javaw.exe+0xb05f]
C  [javaw.exe+0xb0e9]
C  [kernel32.dll+0x1343d]
C  [ntdll.dll+0x39832]
C  [ntdll.dll+0x39805]
C  0x00000000

Java frames: (J=compiled Java code, j=interpreted, Vv=VM code)
j  bwta.BaseLocation.getGroundDistance_native(JLbwta/BaseLocation;)D+0
j  bwta.BaseLocation.getGroundDistance(Lbwta/BaseLocation;)D+6
j  alice.position.AMap.localizeOthers()V+64
j  alice.position.AMap.inititalize()V+3
j  alice.Alice.onStart()V+91
j  bwapi.AIModule.onStart()V+11
v  ~StubRoutines::call_stub
j  bwapi.Mirror.startGame()V+0
j  alice.Alice.run()V+30
j  main.Main.main([Ljava/lang/String;)V+12
v  ~StubRoutines::call_stub

---------------  P R O C E S S  ---------------

Java Threads: ( => current thread )
  0x14cc1400 JavaThread "Service Thread" daemon [_thread_blocked, id=8428, stack(0x150f0000,0x15140000)]
  0x14cca800 JavaThread "C1 CompilerThread0" daemon [_thread_blocked, id=5676, stack(0x15400000,0x15450000)]
  0x14cc9800 JavaThread "Attach Listener" daemon [_thread_blocked, id=5888, stack(0x15300000,0x15350000)]
  0x14cc8800 JavaThread "Signal Dispatcher" daemon [_thread_blocked, id=7996, stack(0x15170000,0x151c0000)]
  0x14ca4000 JavaThread "Finalizer" daemon [_thread_blocked, id=7692, stack(0x04760000,0x047b0000)]
  0x14c82c00 JavaThread "Reference Handler" daemon [_thread_blocked, id=4920, stack(0x14f50000,0x14fa0000)]
=>0x0028d000 JavaThread "main" [_thread_in_vm, id=3352, stack(0x02350000,0x023a0000)]

Other Threads:
  0x14c7b800 VMThread [stack: 0x02250000,0x022a0000] [id=7664]
  0x14cc5000 WatcherThread [stack: 0x15580000,0x155d0000] [id=5920]

VM state:not at safepoint (normal execution)

VM Mutex/Monitor currently owned by a thread: None

Heap:
 def new generation   total 4928K, used 1671K [0x04800000, 0x04d50000, 0x09d50000)
  eden space 4416K,  37% used [0x04800000, 0x049a1c08, 0x04c50000)
  from space 512K,   0% used [0x04c50000, 0x04c50000, 0x04cd0000)
  to   space 512K,   0% used [0x04cd0000, 0x04cd0000, 0x04d50000)
 tenured generation   total 10944K, used 0K [0x09d50000, 0x0a800000, 0x14800000)
   the space 10944K,   0% used [0x09d50000, 0x09d50000, 0x09d50200, 0x0a800000)
 Metaspace       used 2273K, capacity 2632K, committed 2752K, reserved 4480K

Card table byte_map: [0x021c0000,0x02250000] byte_map_base: 0x0219c000

Polling page: 0x00210000

CodeCache: size=32768Kb used=726Kb max_used=726Kb free=32041Kb
 bounds [0x02670000, 0x02728000, 0x04670000]
 total_blobs=183 nmethods=38 adapters=76
 compilation: enabled

Compilation events (10 events):
Event: 4.440 Thread 0x14cca800   34             java.util.HashMap::putVal (300 bytes)
Event: 4.441 Thread 0x14cca800 nmethod 34 0x02724348 code [0x027244f0, 0x02724988]
Event: 4.854 Thread 0x14cca800   35             java.lang.Long::valueOf (36 bytes)
Event: 4.854 Thread 0x14cca800 nmethod 35 0x02724f48 code [0x02725050, 0x027251d0]
Event: 4.854 Thread 0x14cca800   36             java.lang.Long::<init> (10 bytes)
Event: 4.854 Thread 0x14cca800 nmethod 36 0x02725308 code [0x02725400, 0x02725490]
Event: 4.854 Thread 0x14cca800   37             java.lang.Long::hashCode (8 bytes)
Event: 4.854 Thread 0x14cca800 nmethod 37 0x027254c8 code [0x027255c0, 0x02725660]
Event: 4.854 Thread 0x14cca800   38             java.lang.Long::hashCode (8 bytes)
Event: 4.854 Thread 0x14cca800 nmethod 38 0x027256c8 code [0x027257c0, 0x02725860]

GC Heap History (0 events):
No events

Deoptimization events (0 events):
No events

Classes redefined (0 events):
No events

Internal exceptions (2 events):
Event: 0.037 Thread 0x0028d000 Exception <a 'java/lang/NoSuchMethodError': Method sun.misc.Unsafe.defineClass(Ljava/lang/String;[BII)Ljava/lang/Class; name or signature does not match> (0x04806ea8) thrown at [C:\workspace\8-2-build-windows-i586-cygwin\jdk8u181\11358\hotspot\src\share\v
Event: 0.037 Thread 0x0028d000 Exception <a 'java/lang/NoSuchMethodError': Method sun.misc.Unsafe.prefetchRead(Ljava/lang/Object;J)V name or signature does not match> (0x04807178) thrown at [C:\workspace\8-2-build-windows-i586-cygwin\jdk8u181\11358\hotspot\src\share\vm\prims\jni.cpp, l

Events (10 events):
Event: 4.852 loading class alice/position/AMap
Event: 4.852 loading class alice/position/AMap done
Event: 4.853 loading class alice/position/APosition
Event: 4.853 loading class alice/position/APosition done
Event: 4.853 loading class bwapi/TilePosition
Event: 4.853 loading class bwapi/TilePosition done
Event: 4.853 loading class bwta/BaseLocation
Event: 4.853 loading class bwta/BaseLocation done
Event: 4.854 loading class java/util/ArrayList$Itr
Event: 4.854 loading class java/util/ArrayList$Itr done


Dynamic libraries:
0x002c0000 - 0x002f3000 	C:\Program Files (x86)\Java\jdk1.8.0_181\bin\javaw.exe
0x77070000 - 0x771f0000 	C:\Windows\SysWOW64\ntdll.dll
0x76b80000 - 0x76c90000 	C:\Windows\syswow64\kernel32.dll
0x74fd0000 - 0x75017000 	C:\Windows\syswow64\KERNELBASE.dll
0x76970000 - 0x76a11000 	C:\Windows\syswow64\ADVAPI32.dll
0x75120000 - 0x751cc000 	C:\Windows\syswow64\msvcrt.dll
0x75250000 - 0x75269000 	C:\Windows\SysWOW64\sechost.dll
0x75030000 - 0x75120000 	C:\Windows\syswow64\RPCRT4.dll
0x747e0000 - 0x74840000 	C:\Windows\syswow64\SspiCli.dll
0x747d0000 - 0x747dc000 	C:\Windows\syswow64\CRYPTBASE.dll
0x74a50000 - 0x74b50000 	C:\Windows\syswow64\USER32.dll
0x74ec0000 - 0x74f50000 	C:\Windows\syswow64\GDI32.dll
0x751d0000 - 0x751da000 	C:\Windows\syswow64\LPK.dll
0x749a0000 - 0x74a3d000 	C:\Windows\syswow64\USP10.dll
0x709c0000 - 0x70b5e000 	C:\Windows\WinSxS\x86_microsoft.windows.common-controls_6595b64144ccf1df_6.0.7601.18837_none_41e855142bd5705d\COMCTL32.dll
0x75550000 - 0x755a7000 	C:\Windows\syswow64\SHLWAPI.dll
0x74f50000 - 0x74fb0000 	C:\Windows\system32\IMM32.DLL
0x75270000 - 0x7533d000 	C:\Windows\syswow64\MSCTF.dll
0x772a0000 - 0x7735f000 	C:\Program Files (x86)\Java\jdk1.8.0_181\jre\bin\msvcr100.dll
0x6d230000 - 0x6d603000 	C:\Program Files (x86)\Java\jdk1.8.0_181\jre\bin\client\jvm.dll
0x54bf0000 - 0x54bf7000 	C:\Windows\system32\WSOCK32.dll
0x74b50000 - 0x74b85000 	C:\Windows\syswow64\WS2_32.dll
0x74a40000 - 0x74a46000 	C:\Windows\syswow64\NSI.dll
0x71310000 - 0x71342000 	C:\Windows\system32\WINMM.dll
0x71bc0000 - 0x71bc9000 	C:\Windows\system32\VERSION.dll
0x76a20000 - 0x76a25000 	C:\Windows\syswow64\PSAPI.DLL
0x54be0000 - 0x54bec000 	C:\Program Files (x86)\Java\jdk1.8.0_181\jre\bin\verify.dll
0x54bb0000 - 0x54bd2000 	C:\Program Files (x86)\Java\jdk1.8.0_181\jre\bin\java.dll
0x54b90000 - 0x54ba4000 	C:\Program Files (x86)\Java\jdk1.8.0_181\jre\bin\zip.dll
0x75d20000 - 0x7696c000 	C:\Windows\syswow64\SHELL32.dll
0x74ba0000 - 0x74cfd000 	C:\Windows\syswow64\ole32.dll
0x74ea0000 - 0x74eab000 	C:\Windows\syswow64\profapi.dll
0x713e0000 - 0x7142c000 	C:\Windows\system32\apphelp.dll
0x155d0000 - 0x15856000 	C:\Users\Lasse\Documents\eclipse-workspace\Alice\Alice\bwapi_bridge2_5.dll
0x6acc0000 - 0x6ad27000 	C:\Users\Lasse\Documents\eclipse-workspace\Alice\Alice\libgmp-10.dll
0x6f540000 - 0x6f59e000 	C:\Users\Lasse\Documents\eclipse-workspace\Alice\Alice\libmpfr-4.dll
0x6e9e0000 - 0x6ea51000 	C:\Windows\system32\MSVCP120.dll
0x6e8f0000 - 0x6e9de000 	C:\Windows\system32\MSVCR120.dll
0x71ed0000 - 0x71fbb000 	C:\Windows\system32\dbghelp.dll

VM Arguments:
jvm_args: -Dfile.encoding=Cp1252 
java_command: main.Main
java_class_path (initial): C:\Program Files (x86)\Java\jdk1.8.0_181\jre\lib\resources.jar;C:\Program Files (x86)\Java\jdk1.8.0_181\jre\lib\rt.jar;C:\Program Files (x86)\Java\jdk1.8.0_181\jre\lib\jsse.jar;C:\Program Files (x86)\Java\jdk1.8.0_181\jre\lib\jce.jar;C:\Program Files (x86)\Java\jdk1.8.0_181\jre\lib\charsets.jar;C:\Program Files (x86)\Java\jdk1.8.0_181\jre\lib\jfr.jar;C:\Program Files (x86)\Java\jdk1.8.0_181\jre\lib\ext\access-bridge-32.jar;C:\Program Files (x86)\Java\jdk1.8.0_181\jre\lib\ext\cldrdata.jar;C:\Program Files (x86)\Java\jdk1.8.0_181\jre\lib\ext\dnsns.jar;C:\Program Files (x86)\Java\jdk1.8.0_181\jre\lib\ext\jaccess.jar;C:\Program Files (x86)\Java\jdk1.8.0_181\jre\lib\ext\jfxrt.jar;C:\Program Files (x86)\Java\jdk1.8.0_181\jre\lib\ext\localedata.jar;C:\Program Files (x86)\Java\jdk1.8.0_181\jre\lib\ext\nashorn.jar;C:\Program Files (x86)\Java\jdk1.8.0_181\jre\lib\ext\sunec.jar;C:\Program Files (x86)\Java\jdk1.8.0_181\jre\lib\ext\sunjce_provider.jar;C:\Program Files (x86)\Java\jdk1.8.0_181\jre\lib\ext\sunmscapi.jar;C:\Program Files (x86)\Java\jdk1.8.0_181\jre\lib\ext\sunpkcs11.jar;C:\Program Files (x86)\Java\jdk1.8.0_181\jre\lib\ext\zipfs.jar;C:\Users\Lasse\Documents\eclipse-workspace\Alice\Alice\bin;C:\Users\Lasse\Documents\eclipse-workspace\Alice\Alice\lib\bwmirror_v2_5.jar
Launcher Type: SUN_STANDARD

Environment Variables:
PATH=C:/Program Files/Java/jre1.8.0_161/bin/server;C:/Program Files/Java/jre1.8.0_161/bin;C:/Program Files/Java/jre1.8.0_161/lib/amd64;C:\ProgramData\Oracle\Java\javapath;C:\Windows\system32;C:\Windows;C:\Windows\System32\Wbem;C:\Windows\System32\WindowsPowerShell\v1.0\;C:\Program Files (x86)\NVIDIA Corporation\PhysX\Common;C:\Program Files (x86)\Skype\Phone\;C:\Users\Lasse\AppData\Local\GitHubDesktop\bin;C:\Users\Lasse\eclipse\java-oxygen\eclipse;
USERNAME=Lasse
OS=Windows_NT
PROCESSOR_IDENTIFIER=Intel64 Family 6 Model 58 Stepping 9, GenuineIntel



---------------  S Y S T E M  ---------------

OS: Windows 7 , 64 bit Build 7601 (6.1.7601.24214)

CPU:total 4 (initial active 4) (4 cores per cpu, 1 threads per core) family 6 model 58 stepping 9, cmov, cx8, fxsr, mmx, sse, sse2, sse3, ssse3, sse4.1, sse4.2, popcnt, avx, aes, clmul, erms, tsc, tscinvbit, tscinv

Memory: 4k page, physical 16727040k(9955812k free), swap 33452180k(24596120k free)

vm_info: Java HotSpot(TM) Client VM (25.181-b13) for windows-x86 JRE (1.8.0_181-b13), built on Jul  7 2018 03:18:20 by "java_re" with MS VC++ 10.0 (VS2010)

time: Mon Sep 10 17:57:35 2018
elapsed time: 4 seconds (0d 0h 0m 4s)

